<?xml version="1.0" encoding="UTF-8"?>
<!-- Generated by org.testng.reporters.JUnitXMLReporter -->
<testsuite hostname="ThanhTriTRAN" name="Test" tests="8" failures="0" timestamp="26 Jun 2017 06:39:37 GMT" time="80.614" errors="0">
  <testcase name="TC_Login001" time="5.538" classname="loginscreen.Login_TC_001"/>
  <testcase name="TC_Login002" time="7.67" classname="loginscreen.Login_TC_001"/>
  <testcase name="TC_Login003" time="3.318" classname="loginscreen.Login_TC_001"/>
  <testcase name="TC_Users001" time="26.187" classname="userscreen.User_TC_001"/>
  <testcase name="TC_Users002" time="4.618" classname="userscreen.User_TC_001"/>
  <testcase name="TC_Users003" time="7.422" classname="userscreen.User_TC_001"/>
  <testcase name="TC_Users004" time="4.01" classname="userscreen.User_TC_001"/>
  <testcase name="TC_Users005" time="12.027" classname="userscreen.User_TC_001"/>
</testsuite> <!-- Test -->
