<?xml version="1.0" encoding="UTF-8"?>
<!-- Generated by org.testng.reporters.JUnitXMLReporter -->
<testsuite hostname="ThanhTriTRAN" name="Test" tests="3" failures="0" timestamp="22 Jun 2017 04:02:15 GMT" time="16.201" errors="0">
  <testcase name="TC_Login001" time="4.029" classname="loginscreen.Login_TC_001"/>
  <testcase name="TC_Login002" time="3.815" classname="loginscreen.Login_TC_001"/>
  <testcase name="TC_Login003" time="3.266" classname="loginscreen.Login_TC_001"/>
</testsuite> <!-- Test -->
