<?xml version="1.0" encoding="UTF-8"?>
<!-- Generated by org.testng.reporters.JUnitXMLReporter -->
<testsuite hostname="ThanhTriTRAN" name="Default test" tests="3" failures="0" timestamp="23 Jun 2017 10:53:26 GMT" time="33.935" errors="0">
  <testcase name="TC_Users001" time="15.814" classname="userscreen.User_TC_001"/>
  <testcase name="TC_Users002" time="4.581" classname="userscreen.User_TC_001"/>
  <testcase name="TC_Users003" time="7.319" classname="userscreen.User_TC_001"/>
</testsuite> <!-- Default test -->
